<?xml version="1.0" encoding="UTF-8"?>
<!-- Generated by org.testng.reporters.JUnitXMLReporter -->
<testsuite hostname="NL484" name="Test" tests="1" failures="1" timestamp="25 May 2021 16:26:22 GMT" time="195850.037" errors="0">
  <testcase name="@AfterMethod closeTheBrowser" time="0.0" classname="com.Personalisation.TestCase.HomePage_TC">
    <failure type="org.openqa.selenium.WebDriverException" message="chrome not reachable
  (Session info: chrome=89.0.4389.128)
Build info: version: &amp;apos;3.141.59&amp;apos;, revision: &amp;apos;e82be7d358&amp;apos;, time: &amp;apos;2018-11-14T08:17:03&amp;apos;
System info: host: &amp;apos;NL484&amp;apos;, ip: &amp;apos;192.168.43.102&amp;apos;, os.name: &amp;apos;Windows 10&amp;apos;, os.arch: &amp;apos;amd64&amp;apos;, os.version: &amp;apos;10.0&amp;apos;, java.version: &amp;apos;1.8.0_291&amp;apos;
Driver info: org.openqa.selenium.chrome.ChromeDriver
Capabilities {acceptInsecureCerts: false, browserName: chrome, browserVersion: 89.0.4389.128, chrome: {chromedriverVersion: 89.0.4389.23 (61b08ee2c5002..., userDataDir: C:\Users\rakesh\AppData\Loc...}, goog:chromeOptions: {debuggerAddress: localhost:51407}, javascriptEnabled: true, networkConnectionEnabled: false, pageLoadStrategy: normal, platform: WINDOWS, platformName: WINDOWS, proxy: Proxy(), setWindowRect: true, strictFileInteractability: false, timeouts: {implicit: 0, pageLoad: 300000, script: 30000}, unhandledPromptBehavior: dismiss and notify, webauthn:extension:largeBlob: true, webauthn:virtualAuthenticators: true}
Session ID: 3a3ef33d1443c5e07fcb102b28831d14">
      <![CDATA[org.openqa.selenium.WebDriverException: chrome not reachable
  (Session info: chrome=89.0.4389.128)
Build info: version: '3.141.59', revision: 'e82be7d358', time: '2018-11-14T08:17:03'
System info: host: 'NL484', ip: '192.168.43.102', os.name: 'Windows 10', os.arch: 'amd64', os.version: '10.0', java.version: '1.8.0_291'
Driver info: org.openqa.selenium.chrome.ChromeDriver
Capabilities {acceptInsecureCerts: false, browserName: chrome, browserVersion: 89.0.4389.128, chrome: {chromedriverVersion: 89.0.4389.23 (61b08ee2c5002..., userDataDir: C:\Users\rakesh\AppData\Loc...}, goog:chromeOptions: {debuggerAddress: localhost:51407}, javascriptEnabled: true, networkConnectionEnabled: false, pageLoadStrategy: normal, platform: WINDOWS, platformName: WINDOWS, proxy: Proxy(), setWindowRect: true, strictFileInteractability: false, timeouts: {implicit: 0, pageLoad: 300000, script: 30000}, unhandledPromptBehavior: dismiss and notify, webauthn:extension:largeBlob: true, webauthn:virtualAuthenticators: true}
Session ID: 3a3ef33d1443c5e07fcb102b28831d14
	at org.openqa.selenium.remote.http.W3CHttpResponseCodec.createException(W3CHttpResponseCodec.java:187)
	at org.openqa.selenium.remote.http.W3CHttpResponseCodec.decode(W3CHttpResponseCodec.java:122)
	at org.openqa.selenium.remote.http.W3CHttpResponseCodec.decode(W3CHttpResponseCodec.java:49)
	at org.openqa.selenium.remote.HttpCommandExecutor.execute(HttpCommandExecutor.java:158)
	at org.openqa.selenium.remote.service.DriverCommandExecutor.execute(DriverCommandExecutor.java:83)
	at org.openqa.selenium.remote.RemoteWebDriver.execute(RemoteWebDriver.java:552)
	at org.openqa.selenium.remote.RemoteWebDriver.execute(RemoteWebDriver.java:609)
	at org.openqa.selenium.remote.RemoteWebDriver.close(RemoteWebDriver.java:442)
	at com.Personalisation.POM.BasePage.closeTheBrowser(BasePage.java:91)
... Removed 30 stack frames]]>
    </failure>
  </testcase> <!-- @AfterMethod closeTheBrowser -->
  <testcase name="@AfterTest afterTest" time="0.0" classname="com.Personalisation.TestCase.HomePage_TC">
    <skipped/>
  </testcase> <!-- @AfterTest afterTest -->
  <testcase name="verifyATCOnTransactionCallInPLP" time="195827.668" classname="com.Personalisation.TestCase.HomePage_TC">
    <failure type="java.lang.AssertionError" message="Oops! not able to click On Fashion Menu. expected [true] but found [false]">
      <![CDATA[java.lang.AssertionError: Oops! not able to click On Fashion Menu. expected [true] but found [false]
	at com.Personalisation.TestCase.HomePage_TC.verifyATCOnTransactionCallInPLP(HomePage_TC.java:42)
... Removed 27 stack frames]]>
    </failure>
  </testcase> <!-- verifyATCOnTransactionCallInPLP -->
</testsuite> <!-- Test -->
